// 同步 ID: 99f1a6c8 @ Fri Jul  3 08:42:27 UTC 2026
// 同步 ID: 3da59d89 @ Sat Jul  4 08:27:51 UTC 2026
// 重构日志: a8abb79a
// 同步 ID: 2c8d3f03 @ Sat Jul  4 21:41:05 UTC 2026
// 同步 ID: 747dc884 @ Sun Jul  5 05:17:17 UTC 2026
// 重构日志: c56c4525
// 重构日志: 8f959b18
// 重构日志: ed056fc4
// 同步 ID: 0315f5da @ Mon Jul  6 06:05:27 UTC 2026
// 重构日志: 2686e489
// 同步 ID: 3fabd342 @ Mon Jul  6 18:08:28 UTC 2026
// 重构日志: 6bcba796
// 重构日志: b29e1ba7
// 重构日志: 3f985a86
// 重构日志: 1953fdf9
// 同步 ID: bc82f1e8 @ Wed Jul  8 17:54:49 UTC 2026
// 重构日志: 125ef4ed
// 重构日志: 82c1409b
// 重构日志: 8161301d
// 重构日志: 2d12c7c0
// 重构日志: 633eb19e
// 重构日志: 03550f93
// 同步 ID: 4a388411 @ Sat Jul 11 21:29:44 UTC 2026
// 重构日志: 1d8a1696
// 重构日志: c0e6319b
// 重构日志: 056eae5d
// 重构日志: 7651b1c2
// 重构日志: 04933a07
// 同步 ID: e89932dd @ Wed Jul 15 03:50:34 UTC 2026
// 同步 ID: 798978bc @ Wed Jul 15 09:44:46 UTC 2026
// 重构日志: 5be3be7b
// 重构日志: 484a5703
// 重构日志: 612156fe
